Removed Member From Class: ClassName=RS485_promini_connecter Member=P1
Change Component Designator: OldDesignator=J1 NewDesignator=J4
Change Component Designator: OldDesignator=J2 NewDesignator=J5
Change Component Designator: OldDesignator=J4 NewDesignator=J2
Added Component: Designator=J1(691709710305)
Add component (AddParameter): Name = "Color"; Value = "Black"; VariantName = "[No Variations]"
Add component (AddParameter): Name = "Connector Type"; Value = "Screw"; VariantName = "[No Variations]"
Add component (AddParameter): Name = "Contact Plating"; Value = "Tin"; VariantName = "[No Variations]"
Add component (AddParameter): Name = "Current"; Value = "6A"; VariantName = "[No Variations]"
Add component (AddParameter): Name = "Current Rating"; Value = "6A"; VariantName = "[No Variations]"
Add component (AddParameter): Name = "Flammability Rating"; Value = "UL94 V-0"; VariantName = "[No Variations]"
Add component (AddParameter): Name = "Housing Material"; Value = "Nylon"; VariantName = "[No Variations]"
Add component (AddParameter): Name = "Lead Pitch"; Value = "5mm"; VariantName = "[No Variations]"
Add component (AddParameter): Name = "Length"; Value = "25mm"; VariantName = "[No Variations]"
Add component (AddParameter): Name = "Max Operating Temperature"; Value = "130°C"; VariantName = "[No Variations]"
Add component (AddParameter): Name = "Min Operating Temperature"; Value = "-40°C"; VariantName = "[No Variations]"
Add component (AddParameter): Name = "Mount"; Value = "Surface Mount"; VariantName = "[No Variations]"
Add component (AddParameter): Name = "Number of Contacts"; Value = "5"; VariantName = "[No Variations]"
Add component (AddParameter): Name = "Number of Levels"; Value = "1"; VariantName = "[No Variations]"
Add component (AddParameter): Name = "Number of Pins"; Value = "5"; VariantName = "[No Variations]"
Add component (AddParameter): Name = "Number of Positions"; Value = "5"; VariantName = "[No Variations]"
Add component (AddParameter): Name = "Number of Positions Per Level"; Value = "5"; VariantName = "[No Variations]"
Add component (AddParameter): Name = "Packaging"; Value = "Cut Tape (CT)"; VariantName = "[No Variations]"
Add component (AddParameter): Name = "Pitch"; Value = "5mm"; VariantName = "[No Variations]"
Add component (AddParameter): Name = "Plating"; Value = "Steel"; VariantName = "[No Variations]"
Add component (AddParameter): Name = "RoHS"; Value = "Compliant"; VariantName = "[No Variations]"
Add component (AddParameter): Name = "Termination"; Value = "Screw"; VariantName = "[No Variations]"
Add component (AddParameter): Name = "Voltage"; Value = "300V"; VariantName = "[No Variations]"
Add component (AddParameter): Name = "Voltage Rating"; Value = "300V"; VariantName = "[No Variations]"
Add component (AddParameter): Name = "Wire Gauge (Max)"; Value = "30AWG"; VariantName = "[No Variations]"
Add component (AddParameter): Name = "Wire Gauge (Min)"; Value = "14AWG"; VariantName = "[No Variations]"
Add component (AddParameter): Name = "Wire/Cable Gauge"; Value = "30AWG"; VariantName = "[No Variations]"
Added Component: Designator=J6(691127700004B)
Add component (AddParameter): Name = "Color"; Value = "Green"; VariantName = "[No Variations]"
Add component (AddParameter): Name = "Connector Type"; Value = "Terminal Block"; VariantName = "[No Variations]"
Add component (AddParameter): Name = "Contact Material"; Value = "Brass"; VariantName = "[No Variations]"
Add component (AddParameter): Name = "Contact Plating"; Value = "Tin"; VariantName = "[No Variations]"
Add component (AddParameter): Name = "Current"; Value = "20A"; VariantName = "[No Variations]"
Add component (AddParameter): Name = "Height"; Value = "19.5mm"; VariantName = "[No Variations]"
Add component (AddParameter): Name = "Housing Material"; Value = "Nylon"; VariantName = "[No Variations]"
Add component (AddParameter): Name = "Lead Pitch"; Value = "5mm"; VariantName = "[No Variations]"
Add component (AddParameter): Name = "Length"; Value = "18.6mm"; VariantName = "[No Variations]"
Add component (AddParameter): Name = "Max Operating Temperature"; Value = "105°C"; VariantName = "[No Variations]"
Add component (AddParameter): Name = "Min Operating Temperature"; Value = "-40°C"; VariantName = "[No Variations]"
Add component (AddParameter): Name = "Mount"; Value = "Through Hole"; VariantName = "[No Variations]"
Add component (AddParameter): Name = "Number of Contacts"; Value = "4"; VariantName = "[No Variations]"
Add component (AddParameter): Name = "Number of Levels"; Value = "1"; VariantName = "[No Variations]"
Add component (AddParameter): Name = "Number of Pins"; Value = "4"; VariantName = "[No Variations]"
Add component (AddParameter): Name = "Number of Positions Per Level"; Value = "4"; VariantName = "[No Variations]"
Add component (AddParameter): Name = "Packaging"; Value = "Box"; VariantName = "[No Variations]"
Add component (AddParameter): Name = "Pitch"; Value = "5.0038mm"; VariantName = "[No Variations]"
Add component (AddParameter): Name = "Plating"; Value = "Steel"; VariantName = "[No Variations]"
Add component (AddParameter): Name = "REACH SVHC"; Value = "Unknown"; VariantName = "[No Variations]"
Add component (AddParameter): Name = "RoHS"; Value = "Compliant"; VariantName = "[No Variations]"
Add component (AddParameter): Name = "Stripping Length"; Value = "9mm"; VariantName = "[No Variations]"
Add component (AddParameter): Name = "Termination"; Value = "Screw"; VariantName = "[No Variations]"
Add component (AddParameter): Name = "Voltage"; Value = "300V"; VariantName = "[No Variations]"
Add component (AddParameter): Name = "Width"; Value = "22.5mm"; VariantName = "[No Variations]"
Add component (AddParameter): Name = "Wire Gauge (Max)"; Value = "30AWG"; VariantName = "[No Variations]"
Add component (AddParameter): Name = "Wire Gauge (Min)"; Value = "12AWG"; VariantName = "[No Variations]"
Add component (AddParameter): Name = "Wire/Cable Gauge"; Value = "30AWG"; VariantName = "[No Variations]"
Added Pin To Net: NetName=NetJ1_1 Pin=J1-1
Added Pin To Net: NetName=NetJ1_1 Pin=J2-1
Added Net: Name=NetJ1_1
Added Pin To Net: NetName=NetJ1_2 Pin=J1-2
Added Pin To Net: NetName=NetJ1_2 Pin=J2-2
Added Net: Name=NetJ1_2
Added Pin To Net: NetName=NetJ1_3 Pin=J1-3
Added Pin To Net: NetName=NetJ1_3 Pin=J2-3
Added Net: Name=NetJ1_3
Added Pin To Net: NetName=NetJ1_4 Pin=J1-4
Added Pin To Net: NetName=NetJ1_4 Pin=J3-1
Added Pin To Net: NetName=NetJ1_4 Pin=J4-2
Added Pin To Net: NetName=NetJ1_4 Pin=J6-2
Added Pin To Net: NetName=NetJ1_4 Pin=J6-2
Added Net: Name=NetJ1_4
Added Pin To Net: NetName=NetJ1_5 Pin=J1-5
Added Pin To Net: NetName=NetJ1_5 Pin=J3-4
Added Pin To Net: NetName=NetJ1_5 Pin=J4-4
Added Pin To Net: NetName=NetJ1_5 Pin=J6-1
Added Pin To Net: NetName=NetJ1_5 Pin=J6-1
Added Net: Name=NetJ1_5
Added Pin To Net: NetName=NetJ3_2 Pin=J3-2
Added Pin To Net: NetName=NetJ3_2 Pin=J5-6
Added Net: Name=NetJ3_2
Added Pin To Net: NetName=NetJ3_3 Pin=J3-3
Added Pin To Net: NetName=NetJ3_3 Pin=J5-7
Added Net: Name=NetJ3_3
Added Pin To Net: NetName=NetJ3_5 Pin=J3-5
Added Pin To Net: NetName=NetJ3_5 Pin=J5-15
Added Net: Name=NetJ3_5
Added Pin To Net: NetName=NetJ4_14 Pin=J4-14
Added Pin To Net: NetName=NetJ4_14 Pin=J6-4
Added Pin To Net: NetName=NetJ4_14 Pin=J6-4
Added Net: Name=NetJ4_14
Added Pin To Net: NetName=NetJ4_15 Pin=J4-15
Added Pin To Net: NetName=NetJ4_15 Pin=J6-3
Added Pin To Net: NetName=NetJ4_15 Pin=J6-3
Added Net: Name=NetJ4_15
Added Member To Class: ClassName=RS485_promini_connecter Member=Component J5 61301611821
Added Member To Class: ClassName=RS485_promini_connecter Member=Component J6 691127700004B
